<?xml version="1.0" encoding="UTF-8"?>
<!-- Generated by org.testng.reporters.JUnitXMLReporter -->
<testsuite ignored="0" hostname="TYSS-Piyush-Baldaniya" failures="0" tests="3" name="Default test" time="0.059" errors="0" timestamp="2026-01-11T18:15:47 IST">
  <testcase classname="advance_report.SocialMedia" name="loginToFB" time="0.013"/>
  <testcase classname="advance_report.SocialMedia" name="loginToInsta" time="0.002"/>
  <testcase classname="advance_report.SocialMedia" name="loginToTwitter" time="0.002"/>
</testsuite> <!-- Default test -->
