<?xml version="1.0" encoding="UTF-8"?>
<!-- Generated by org.testng.reporters.JUnitXMLReporter -->
<testsuite ignored="0" hostname="TYSS-Piyush-Baldaniya" failures="0" tests="4" name="Default test" time="0.078" errors="0" timestamp="2025-12-28T18:07:09 IST">
  <testcase classname="testng_extra.DataProviderTest" name="printData" time="0.017"/>
  <testcase classname="testng_extra.DataProviderTest" name="printData" time="0.003"/>
  <testcase classname="testng_extra.DataProviderTest" name="printData" time="0.003"/>
  <testcase classname="testng_extra.DataProviderTest" name="printData" time="0.001"/>
</testsuite> <!-- Default test -->
