<?xml version="1.0" encoding="UTF-8"?>
<!-- Generated by org.testng.reporters.JUnitXMLReporter -->
<testsuite ignored="4" hostname="TYSS-Piyush-Baldaniya" failures="0" tests="4" name="test" time="0.08" errors="0" timestamp="2026-01-11T16:47:31 IST">
  <testcase classname="config_ann.OrgTest" name="createOrg" time="0.007"/>
  <testcase classname="config_ann.OrgTest" name="verifyOrg" time="0.001"/>
  <testcase classname="config_ann.ContactTest" name="createContact" time="0.001"/>
  <testcase classname="config_ann.ContactTest" name="verifyContact" time="0.002"/>
  <testcase classname="config_ann.BaseClass" name="@BeforeSuite repConfig" time="0.0">
    <ignored/>
  </testcase> <!-- @BeforeSuite repConfig -->
  <testcase classname="config_ann.BaseClass" name="@AfterSuite repBackup" time="0.0">
    <ignored/>
  </testcase> <!-- @AfterSuite repBackup -->
  <testcase classname="config_ann.BaseClass" name="@BeforeTest preCon" time="0.0">
    <ignored/>
  </testcase> <!-- @BeforeTest preCon -->
  <testcase classname="config_ann.BaseClass" name="@AfterTest postCon" time="0.0">
    <ignored/>
  </testcase> <!-- @AfterTest postCon -->
</testsuite> <!-- test -->
