<?xml version="1.0" encoding="UTF-8"?>
<!-- Generated by org.testng.reporters.JUnitXMLReporter -->
<testsuite ignored="3" hostname="TYSS-Piyush-Baldaniya" failures="0" tests="6" name="Test" time="8.886" errors="0" timestamp="2026-01-04T17:19:36 IST">
  <testcase classname="typesOfExe.Demo1" name="case1" time="1.852"/>
  <testcase classname="typesOfExe.Demo1" name="case111" time="1.301"/>
  <testcase classname="typesOfExe.Demo2" name="case2" time="1.408"/>
  <testcase classname="typesOfExe.Demo2" name="case22" time="1.456"/>
  <testcase classname="typesOfExe.Demo2" name="case222" time="1.382"/>
  <testcase classname="typesOfExe.Demo3" name="case3" time="1.429"/>
  <testcase classname="typesOfExe.Demo3" name="case333" time="0.0">
    <ignored/>
  </testcase> <!-- case333 -->
  <testcase classname="typesOfExe.Demo3" name="case33" time="0.0">
    <ignored/>
  </testcase> <!-- case33 -->
  <testcase classname="typesOfExe.Demo1" name="case11" time="0.0">
    <ignored/>
  </testcase> <!-- case11 -->
</testsuite> <!-- Test -->
