<?xml version="1.0" encoding="UTF-8"?>
<testng-results ignored="0" total="3" passed="3" failed="0" skipped="0">
  <reporter-output>
  </reporter-output>
  <suite started-at="2026-01-11T18:15:47 IST" name="Default suite" finished-at="2026-01-11T18:15:47 IST" duration-ms="59">
    <groups>
    </groups>
    <test started-at="2026-01-11T18:15:47 IST" name="Default test" finished-at="2026-01-11T18:15:47 IST" duration-ms="59">
      <class name="advance_report.SocialMedia">
        <test-method is-config="true" signature="repConfig()[pri:0, instance:advance_report.SocialMedia@ba2f4ec]" started-at="2026-01-11T18:15:47 IST" name="repConfig" finished-at="2026-01-11T18:15:47 IST" duration-ms="227" status="PASS">
          <reporter-output>
          </reporter-output>
        </test-method> <!-- repConfig -->
        <test-method signature="loginToFB()[pri:0, instance:advance_report.SocialMedia@ba2f4ec]" started-at="2026-01-11T18:15:47 IST" name="loginToFB" finished-at="2026-01-11T18:15:47 IST" duration-ms="13" status="PASS">
          <reporter-output>
          </reporter-output>
        </test-method> <!-- loginToFB -->
        <test-method signature="loginToInsta()[pri:0, instance:advance_report.SocialMedia@ba2f4ec]" started-at="2026-01-11T18:15:47 IST" name="loginToInsta" finished-at="2026-01-11T18:15:47 IST" duration-ms="2" status="PASS">
          <reporter-output>
          </reporter-output>
        </test-method> <!-- loginToInsta -->
        <test-method signature="loginToTwitter()[pri:0, instance:advance_report.SocialMedia@ba2f4ec]" started-at="2026-01-11T18:15:47 IST" name="loginToTwitter" finished-at="2026-01-11T18:15:47 IST" duration-ms="2" status="PASS">
          <reporter-output>
          </reporter-output>
        </test-method> <!-- loginToTwitter -->
        <test-method is-config="true" signature="repBackup()[pri:0, instance:advance_report.SocialMedia@ba2f4ec]" started-at="2026-01-11T18:15:47 IST" name="repBackup" finished-at="2026-01-11T18:15:47 IST" duration-ms="285" status="PASS">
          <reporter-output>
          </reporter-output>
        </test-method> <!-- repBackup -->
      </class> <!-- advance_report.SocialMedia -->
    </test> <!-- Default test -->
  </suite> <!-- Default suite -->
</testng-results>
