<?xml version="1.0" encoding="UTF-8"?>
<testng-results ignored="0" total="1" passed="0" failed="1" skipped="0">
  <reporter-output>
  </reporter-output>
  <suite started-at="2026-01-18T18:09:40 IST" name="Default suite" finished-at="2026-01-18T18:09:58 IST" duration-ms="18404">
    <groups>
    </groups>
    <test started-at="2026-01-18T18:09:40 IST" name="Default test" finished-at="2026-01-18T18:09:58 IST" duration-ms="18404">
      <class name="contact.ContactTest">
        <test-method is-config="true" signature="repConfig()[pri:0, instance:contact.ContactTest@b2c9a9c]" started-at="2026-01-18T18:09:40 IST" name="repConfig" finished-at="2026-01-18T18:09:40 IST" duration-ms="9" status="PASS">
          <reporter-output>
          </reporter-output>
        </test-method> <!-- repConfig -->
        <test-method is-config="true" signature="preCon()[pri:0, instance:contact.ContactTest@b2c9a9c]" started-at="2026-01-18T18:09:40 IST" name="preCon" finished-at="2026-01-18T18:09:40 IST" duration-ms="2" status="PASS">
          <reporter-output>
          </reporter-output>
        </test-method> <!-- preCon -->
        <test-method is-config="true" signature="openBro()[pri:0, instance:contact.ContactTest@b2c9a9c]" started-at="2026-01-18T18:09:40 IST" name="openBro" finished-at="2026-01-18T18:09:41 IST" duration-ms="1391" status="PASS">
          <reporter-output>
          </reporter-output>
        </test-method> <!-- openBro -->
        <test-method is-config="true" signature="login()[pri:0, instance:contact.ContactTest@b2c9a9c]" started-at="2026-01-18T18:09:42 IST" name="login" finished-at="2026-01-18T18:09:47 IST" duration-ms="5390" status="PASS">
          <reporter-output>
          </reporter-output>
        </test-method> <!-- login -->
        <test-method signature="createConTest()[pri:0, instance:contact.ContactTest@b2c9a9c]" started-at="2026-01-18T18:09:47 IST" name="createConTest" finished-at="2026-01-18T18:09:57 IST" duration-ms="10310" status="FAIL">
          <exception class="java.lang.AssertionError">
            <message>
              <![CDATA[The following asserts failed:
expected [true] but found [false]]]>
            </message>
            <full-stacktrace>
              <![CDATA[java.lang.AssertionError: The following asserts failed:
expected [true] but found [false]
at org.testng.asserts.SoftAssert.assertAll(SoftAssert.java:46)
at org.testng.asserts.SoftAssert.assertAll(SoftAssert.java:30)
at contact.ContactTest.createConTest(ContactTest.java:51)
at java.base/jdk.internal.reflect.DirectMethodHandleAccessor.invoke(DirectMethodHandleAccessor.java:103)
at java.base/java.lang.reflect.Method.invoke(Method.java:580)
at org.testng.internal.invokers.MethodInvocationHelper.invokeMethod(MethodInvocationHelper.java:141)
at org.testng.internal.invokers.TestInvoker.invokeMethod(TestInvoker.java:687)
at org.testng.internal.invokers.TestInvoker.invokeTestMethod(TestInvoker.java:230)
at org.testng.internal.invokers.MethodRunner.runInSequence(MethodRunner.java:63)
at org.testng.internal.invokers.TestInvoker$MethodInvocationAgent.invoke(TestInvoker.java:995)
at org.testng.internal.invokers.TestInvoker.invokeTestMethods(TestInvoker.java:203)
at org.testng.internal.invokers.TestMethodWorker.invokeTestMethods(TestMethodWorker.java:154)
at org.testng.internal.invokers.TestMethodWorker.run(TestMethodWorker.java:134)
at java.base/java.util.ArrayList.forEach(ArrayList.java:1597)
at org.testng.TestRunner.privateRun(TestRunner.java:741)
at org.testng.TestRunner.run(TestRunner.java:616)
at org.testng.SuiteRunner.runTest(SuiteRunner.java:421)
at org.testng.SuiteRunner.runSequentially(SuiteRunner.java:413)
at org.testng.SuiteRunner.privateRun(SuiteRunner.java:373)
at org.testng.SuiteRunner.run(SuiteRunner.java:312)
at org.testng.SuiteRunnerWorker.runSuite(SuiteRunnerWorker.java:52)
at org.testng.SuiteRunnerWorker.run(SuiteRunnerWorker.java:95)
at org.testng.TestNG.runSuitesSequentially(TestNG.java:1274)
at org.testng.TestNG.runSuitesLocally(TestNG.java:1208)
at org.testng.TestNG.runSuites(TestNG.java:1112)
at org.testng.TestNG.run(TestNG.java:1079)
at org.testng.remote.AbstractRemoteTestNG.run(AbstractRemoteTestNG.java:115)
at org.testng.remote.RemoteTestNG.initAndRun(RemoteTestNG.java:293)
at org.testng.remote.RemoteTestNG.main(RemoteTestNG.java:91)
]]>
            </full-stacktrace>
          </exception> <!-- java.lang.AssertionError -->
          <reporter-output>
          </reporter-output>
        </test-method> <!-- createConTest -->
        <test-method is-config="true" signature="logout()[pri:0, instance:contact.ContactTest@b2c9a9c]" started-at="2026-01-18T18:09:57 IST" name="logout" finished-at="2026-01-18T18:09:58 IST" duration-ms="999" status="PASS">
          <reporter-output>
          </reporter-output>
        </test-method> <!-- logout -->
        <test-method is-config="true" signature="closeBro()[pri:0, instance:contact.ContactTest@b2c9a9c]" started-at="2026-01-18T18:09:58 IST" name="closeBro" finished-at="2026-01-18T18:09:58 IST" duration-ms="254" status="PASS">
          <reporter-output>
          </reporter-output>
        </test-method> <!-- closeBro -->
        <test-method is-config="true" signature="postCon()[pri:0, instance:contact.ContactTest@b2c9a9c]" started-at="2026-01-18T18:09:58 IST" name="postCon" finished-at="2026-01-18T18:09:58 IST" duration-ms="0" status="PASS">
          <reporter-output>
          </reporter-output>
        </test-method> <!-- postCon -->
        <test-method is-config="true" signature="repBackup()[pri:0, instance:contact.ContactTest@b2c9a9c]" started-at="2026-01-18T18:09:59 IST" name="repBackup" finished-at="2026-01-18T18:09:59 IST" duration-ms="1" status="PASS">
          <reporter-output>
          </reporter-output>
        </test-method> <!-- repBackup -->
      </class> <!-- contact.ContactTest -->
    </test> <!-- Default test -->
  </suite> <!-- Default suite -->
</testng-results>
