<?xml version="1.0" encoding="UTF-8"?>
<!-- Generated by org.testng.reporters.JUnitReportReporter -->
<testsuite hostname="TYSS-Piyush-Baldaniya" failures="0" tests="7" name="testng_extra.InvocationCountTest" time="0.041" errors="0" timestamp="2025-12-28T17:05:55 IST" skipped="1">
  <testcase classname="testng_extra.InvocationCountTest" name="createCity" time="0.001"/>
  <testcase classname="testng_extra.InvocationCountTest" name="createCity" time="0.012"/>
  <testcase classname="testng_extra.InvocationCountTest" name="createCity" time="0.012"/>
  <testcase classname="testng_extra.InvocationCountTest" name="createCity" time="0.012"/>
  <testcase classname="testng_extra.InvocationCountTest" name="deleteCity" time="0.002">
    <system-out>
      <![CDATA[Delete Greater NOIDA]]>
    </system-out>
  </testcase> <!-- deleteCity -->
  <testcase classname="testng_extra.InvocationCountTest" name="createCity" time="0.002"/>
  <testcase classname="testng_extra.InvocationCountTest" name="modifyCity">
    <skipped/>
  </testcase> <!-- modifyCity -->
  <system-out>
    <![CDATA[Delete Greater NOIDA]]>
  </system-out>
</testsuite> <!-- testng_extra.InvocationCountTest -->
