<?xml version="1.0" encoding="UTF-8"?>
<!-- Generated by org.testng.reporters.JUnitReportReporter -->
<testsuite hostname="TYSS-Piyush-Baldaniya" failures="0" tests="3" name="testng_extra.HelperAttributesTest" time="0.012" errors="0" timestamp="2025-12-28T16:18:32 IST" skipped="0">
  <testcase classname="testng_extra.HelperAttributesTest" name="deleteCity" time="0.009">
    <system-out>
      <![CDATA[Delete Greater NOIDA]]>
    </system-out>
  </testcase> <!-- deleteCity -->
  <testcase classname="testng_extra.HelperAttributesTest" name="modifyCity" time="0.002">
    <system-out>
      <![CDATA[Greater NOIDA]]>
    </system-out>
  </testcase> <!-- modifyCity -->
  <testcase classname="testng_extra.HelperAttributesTest" name="createCity" time="0.001">
    <system-out>
      <![CDATA[NOIDA]]>
    </system-out>
  </testcase> <!-- createCity -->
  <system-out>
    <![CDATA[Delete Greater NOIDA
Greater NOIDA
NOIDA]]>
  </system-out>
</testsuite> <!-- testng_extra.HelperAttributesTest -->
