<?xml version="1.0" encoding="UTF-8"?>
<!-- Generated by org.testng.reporters.JUnitReportReporter -->
<testsuite hostname="TYSS-Piyush-Baldaniya" failures="0" tests="3" name="typesOfExe.Demo1" time="20.432" errors="0" timestamp="2026-01-04T18:07:07 IST" skipped="0">
  <testcase classname="typesOfExe.Demo1" name="case11" time="6.749"/>
  <testcase classname="typesOfExe.Demo1" name="case1" time="8.226"/>
  <testcase classname="typesOfExe.Demo1" name="case111" time="5.457"/>
</testsuite> <!-- typesOfExe.Demo1 -->
