<?xml version="1.0" encoding="UTF-8"?>
<!-- Generated by org.testng.reporters.JUnitReportReporter -->
<testsuite hostname="TYSS-Piyush-Baldaniya" failures="0" tests="4" name="testng_extra.DataProviderTest" time="0.024" errors="0" timestamp="2025-12-28T18:07:09 IST" skipped="0">
  <testcase classname="testng_extra.DataProviderTest" name="printData" time="0.003"/>
  <testcase classname="testng_extra.DataProviderTest" name="printData" time="0.003"/>
  <testcase classname="testng_extra.DataProviderTest" name="printData" time="0.001"/>
  <testcase classname="testng_extra.DataProviderTest" name="printData" time="0.017"/>
</testsuite> <!-- testng_extra.DataProviderTest -->
