<?xml version="1.0" encoding="UTF-8"?>
<!-- Generated by org.testng.reporters.JUnitReportReporter -->
<testsuite hostname="TYSS-Piyush-Baldaniya" failures="0" tests="3" name="typesOfExe.Demo3" time="11.628" errors="0" timestamp="2026-01-04T18:07:07 IST" skipped="0">
  <testcase classname="typesOfExe.Demo3" name="case3" time="4.014"/>
  <testcase classname="typesOfExe.Demo3" name="case33" time="4.087"/>
  <testcase classname="typesOfExe.Demo3" name="case333" time="3.527"/>
</testsuite> <!-- typesOfExe.Demo3 -->
