<?xml version="1.0" encoding="UTF-8"?>
<!-- Generated by org.testng.reporters.JUnitReportReporter -->
<testsuite hostname="TYSS-Piyush-Baldaniya" failures="0" tests="3" name="typesOfExe.Demo2" time="11.566" errors="0" timestamp="2026-01-04T18:07:07 IST" skipped="0">
  <testcase classname="typesOfExe.Demo2" name="case2" time="4.186"/>
  <testcase classname="typesOfExe.Demo2" name="case22" time="3.886"/>
  <testcase classname="typesOfExe.Demo2" name="case222" time="3.494"/>
</testsuite> <!-- typesOfExe.Demo2 -->
