<?xml version="1.0" encoding="UTF-8"?>
<!-- Generated by org.testng.reporters.JUnitReportReporter -->
<testsuite hostname="TYSS-Piyush-Baldaniya" failures="0" tests="1" name="testng_extra.HelperAttributes" time="0.018" errors="0" timestamp="2025-12-28T16:07:09 IST" skipped="0">
  <testcase classname="testng_extra.HelperAttributes" name="case1" time="0.018">
    <system-out>
      <![CDATA[Hey there this is report...]]>
    </system-out>
  </testcase> <!-- case1 -->
  <system-out>
    <![CDATA[Hey there this is report...]]>
  </system-out>
</testsuite> <!-- testng_extra.HelperAttributes -->
